  main.cpp
C:\Users\60995\Desktop\课程\2020 秋\计概\NoGo\final\计概大作业-nogo(2000012930)\NoGo\main.cpp(210,38): warning C4244: “=”: 从“double”转换到“int”，可能丢失数据
C:\Users\60995\Desktop\课程\2020 秋\计概\NoGo\final\计概大作业-nogo(2000012930)\NoGo\main.cpp(211,25): warning C4244: “=”: 从“double”转换到“int”，可能丢失数据
C:\Users\60995\Desktop\课程\2020 秋\计概\NoGo\final\计概大作业-nogo(2000012930)\NoGo\main.cpp(217,26): warning C4244: “=”: 从“double”转换到“int”，可能丢失数据
C:\Users\60995\Desktop\课程\2020 秋\计概\NoGo\final\计概大作业-nogo(2000012930)\NoGo\main.cpp(218,39): warning C4244: “=”: 从“double”转换到“int”，可能丢失数据
C:\Users\60995\Desktop\课程\2020 秋\计概\NoGo\final\计概大作业-nogo(2000012930)\NoGo\main.cpp(224,26): warning C4244: “=”: 从“double”转换到“int”，可能丢失数据
C:\Users\60995\Desktop\课程\2020 秋\计概\NoGo\final\计概大作业-nogo(2000012930)\NoGo\main.cpp(225,39): warning C4244: “=”: 从“double”转换到“int”，可能丢失数据
C:\Users\60995\Desktop\课程\2020 秋\计概\NoGo\final\计概大作业-nogo(2000012930)\NoGo\main.cpp(231,26): warning C4244: “=”: 从“double”转换到“int”，可能丢失数据
C:\Users\60995\Desktop\课程\2020 秋\计概\NoGo\final\计概大作业-nogo(2000012930)\NoGo\main.cpp(232,39): warning C4244: “=”: 从“double”转换到“int”，可能丢失数据
C:\Users\60995\Desktop\课程\2020 秋\计概\NoGo\final\计概大作业-nogo(2000012930)\NoGo\main.cpp(238,26): warning C4244: “=”: 从“double”转换到“int”，可能丢失数据
C:\Users\60995\Desktop\课程\2020 秋\计概\NoGo\final\计概大作业-nogo(2000012930)\NoGo\main.cpp(239,39): warning C4244: “=”: 从“double”转换到“int”，可能丢失数据
C:\Users\60995\Desktop\课程\2020 秋\计概\NoGo\final\计概大作业-nogo(2000012930)\NoGo\main.cpp(245,26): warning C4244: “=”: 从“double”转换到“int”，可能丢失数据
C:\Users\60995\Desktop\课程\2020 秋\计概\NoGo\final\计概大作业-nogo(2000012930)\NoGo\main.cpp(246,39): warning C4244: “=”: 从“double”转换到“int”，可能丢失数据
C:\Users\60995\Desktop\课程\2020 秋\计概\NoGo\final\计概大作业-nogo(2000012930)\NoGo\main.cpp(252,26): warning C4244: “=”: 从“double”转换到“int”，可能丢失数据
C:\Users\60995\Desktop\课程\2020 秋\计概\NoGo\final\计概大作业-nogo(2000012930)\NoGo\main.cpp(253,39): warning C4244: “=”: 从“double”转换到“int”，可能丢失数据
C:\Users\60995\Desktop\课程\2020 秋\计概\NoGo\final\计概大作业-nogo(2000012930)\NoGo\main.cpp(257,25): warning C4244: “=”: 从“double”转换到“int”，可能丢失数据
C:\Users\60995\Desktop\课程\2020 秋\计概\NoGo\final\计概大作业-nogo(2000012930)\NoGo\main.cpp(259,27): warning C4244: “=”: 从“double”转换到“int”，可能丢失数据
C:\Users\60995\Desktop\课程\2020 秋\计概\NoGo\final\计概大作业-nogo(2000012930)\NoGo\main.cpp(264,25): warning C4244: “=”: 从“double”转换到“int”，可能丢失数据
C:\Users\60995\Desktop\课程\2020 秋\计概\NoGo\final\计概大作业-nogo(2000012930)\NoGo\main.cpp(271,25): warning C4244: “=”: 从“double”转换到“int”，可能丢失数据
C:\Users\60995\Desktop\课程\2020 秋\计概\NoGo\final\计概大作业-nogo(2000012930)\NoGo\main.cpp(273,38): warning C4244: “=”: 从“double”转换到“int”，可能丢失数据
C:\Users\60995\Desktop\课程\2020 秋\计概\NoGo\final\计概大作业-nogo(2000012930)\NoGo\main.cpp(278,26): warning C4244: “=”: 从“double”转换到“int”，可能丢失数据
C:\Users\60995\Desktop\课程\2020 秋\计概\NoGo\final\计概大作业-nogo(2000012930)\NoGo\main.cpp(285,26): warning C4244: “=”: 从“double”转换到“int”，可能丢失数据
C:\Users\60995\Desktop\课程\2020 秋\计概\NoGo\final\计概大作业-nogo(2000012930)\NoGo\main.cpp(292,26): warning C4244: “=”: 从“double”转换到“int”，可能丢失数据
C:\Users\60995\Desktop\课程\2020 秋\计概\NoGo\final\计概大作业-nogo(2000012930)\NoGo\main.cpp(299,26): warning C4244: “=”: 从“double”转换到“int”，可能丢失数据
C:\Users\60995\Desktop\课程\2020 秋\计概\NoGo\final\计概大作业-nogo(2000012930)\NoGo\main.cpp(306,26): warning C4244: “=”: 从“double”转换到“int”，可能丢失数据
C:\Users\60995\Desktop\课程\2020 秋\计概\NoGo\final\计概大作业-nogo(2000012930)\NoGo\main.cpp(313,26): warning C4244: “=”: 从“double”转换到“int”，可能丢失数据
C:\Users\60995\Desktop\课程\2020 秋\计概\NoGo\final\计概大作业-nogo(2000012930)\NoGo\main.cpp(321,26): warning C4244: “=”: 从“double”转换到“int”，可能丢失数据
C:\Users\60995\Desktop\课程\2020 秋\计概\NoGo\final\计概大作业-nogo(2000012930)\NoGo\main.cpp(328,26): warning C4244: “=”: 从“double”转换到“int”，可能丢失数据
C:\Users\60995\Desktop\课程\2020 秋\计概\NoGo\final\计概大作业-nogo(2000012930)\NoGo\main.cpp(336,26): warning C4244: “=”: 从“double”转换到“int”，可能丢失数据
C:\Users\60995\Desktop\课程\2020 秋\计概\NoGo\final\计概大作业-nogo(2000012930)\NoGo\main.cpp(343,26): warning C4244: “=”: 从“double”转换到“int”，可能丢失数据
C:\Users\60995\Desktop\课程\2020 秋\计概\NoGo\final\计概大作业-nogo(2000012930)\NoGo\main.cpp(350,26): warning C4244: “=”: 从“double”转换到“int”，可能丢失数据
C:\Users\60995\Desktop\课程\2020 秋\计概\NoGo\final\计概大作业-nogo(2000012930)\NoGo\main.cpp(352,40): warning C4244: “=”: 从“double”转换到“int”，可能丢失数据
C:\Users\60995\Desktop\课程\2020 秋\计概\NoGo\final\计概大作业-nogo(2000012930)\NoGo\main.cpp(359,39): warning C4244: “=”: 从“double”转换到“int”，可能丢失数据
C:\Users\60995\Desktop\课程\2020 秋\计概\NoGo\final\计概大作业-nogo(2000012930)\NoGo\main.cpp(360,26): warning C4244: “=”: 从“double”转换到“int”，可能丢失数据
C:\Users\60995\Desktop\课程\2020 秋\计概\NoGo\final\计概大作业-nogo(2000012930)\NoGo\main.cpp(366,39): warning C4244: “=”: 从“double”转换到“int”，可能丢失数据
C:\Users\60995\Desktop\课程\2020 秋\计概\NoGo\final\计概大作业-nogo(2000012930)\NoGo\main.cpp(367,26): warning C4244: “=”: 从“double”转换到“int”，可能丢失数据
C:\Users\60995\Desktop\课程\2020 秋\计概\NoGo\final\计概大作业-nogo(2000012930)\NoGo\main.cpp(373,40): warning C4244: “=”: 从“double”转换到“int”，可能丢失数据
C:\Users\60995\Desktop\课程\2020 秋\计概\NoGo\final\计概大作业-nogo(2000012930)\NoGo\main.cpp(374,27): warning C4244: “=”: 从“double”转换到“int”，可能丢失数据
C:\Users\60995\Desktop\课程\2020 秋\计概\NoGo\final\计概大作业-nogo(2000012930)\NoGo\main.cpp(380,40): warning C4244: “=”: 从“double”转换到“int”，可能丢失数据
C:\Users\60995\Desktop\课程\2020 秋\计概\NoGo\final\计概大作业-nogo(2000012930)\NoGo\main.cpp(381,27): warning C4244: “=”: 从“double”转换到“int”，可能丢失数据
C:\Users\60995\Desktop\课程\2020 秋\计概\NoGo\final\计概大作业-nogo(2000012930)\NoGo\main.cpp(387,40): warning C4244: “=”: 从“double”转换到“int”，可能丢失数据
C:\Users\60995\Desktop\课程\2020 秋\计概\NoGo\final\计概大作业-nogo(2000012930)\NoGo\main.cpp(388,27): warning C4244: “=”: 从“double”转换到“int”，可能丢失数据
C:\Users\60995\Desktop\课程\2020 秋\计概\NoGo\final\计概大作业-nogo(2000012930)\NoGo\main.cpp(394,40): warning C4244: “=”: 从“double”转换到“int”，可能丢失数据
C:\Users\60995\Desktop\课程\2020 秋\计概\NoGo\final\计概大作业-nogo(2000012930)\NoGo\main.cpp(395,27): warning C4244: “=”: 从“double”转换到“int”，可能丢失数据
C:\Users\60995\Desktop\课程\2020 秋\计概\NoGo\final\计概大作业-nogo(2000012930)\NoGo\main.cpp(401,27): warning C4244: “=”: 从“double”转换到“int”，可能丢失数据
C:\Users\60995\Desktop\课程\2020 秋\计概\NoGo\final\计概大作业-nogo(2000012930)\NoGo\main.cpp(402,40): warning C4244: “=”: 从“double”转换到“int”，可能丢失数据
C:\Users\60995\Desktop\课程\2020 秋\计概\NoGo\final\计概大作业-nogo(2000012930)\NoGo\main.cpp(408,39): warning C4244: “=”: 从“double”转换到“int”，可能丢失数据
C:\Users\60995\Desktop\课程\2020 秋\计概\NoGo\final\计概大作业-nogo(2000012930)\NoGo\main.cpp(409,26): warning C4244: “=”: 从“double”转换到“int”，可能丢失数据
C:\Users\60995\Desktop\课程\2020 秋\计概\NoGo\final\计概大作业-nogo(2000012930)\NoGo\main.cpp(415,40): warning C4244: “=”: 从“double”转换到“int”，可能丢失数据
C:\Users\60995\Desktop\课程\2020 秋\计概\NoGo\final\计概大作业-nogo(2000012930)\NoGo\main.cpp(416,27): warning C4244: “=”: 从“double”转换到“int”，可能丢失数据
C:\Users\60995\Desktop\课程\2020 秋\计概\NoGo\final\计概大作业-nogo(2000012930)\NoGo\main.cpp(422,40): warning C4244: “=”: 从“double”转换到“int”，可能丢失数据
C:\Users\60995\Desktop\课程\2020 秋\计概\NoGo\final\计概大作业-nogo(2000012930)\NoGo\main.cpp(423,27): warning C4244: “=”: 从“double”转换到“int”，可能丢失数据
C:\Users\60995\Desktop\课程\2020 秋\计概\NoGo\final\计概大作业-nogo(2000012930)\NoGo\main.cpp(429,27): warning C4244: “=”: 从“double”转换到“int”，可能丢失数据
C:\Users\60995\Desktop\课程\2020 秋\计概\NoGo\final\计概大作业-nogo(2000012930)\NoGo\main.cpp(430,40): warning C4244: “=”: 从“double”转换到“int”，可能丢失数据
C:\Users\60995\Desktop\课程\2020 秋\计概\NoGo\final\计概大作业-nogo(2000012930)\NoGo\main.cpp(436,27): warning C4244: “=”: 从“double”转换到“int”，可能丢失数据
C:\Users\60995\Desktop\课程\2020 秋\计概\NoGo\final\计概大作业-nogo(2000012930)\NoGo\main.cpp(437,40): warning C4244: “=”: 从“double”转换到“int”，可能丢失数据
C:\Users\60995\Desktop\课程\2020 秋\计概\NoGo\final\计概大作业-nogo(2000012930)\NoGo\main.cpp(443,27): warning C4244: “=”: 从“double”转换到“int”，可能丢失数据
C:\Users\60995\Desktop\课程\2020 秋\计概\NoGo\final\计概大作业-nogo(2000012930)\NoGo\main.cpp(444,40): warning C4244: “=”: 从“double”转换到“int”，可能丢失数据
C:\Users\60995\Desktop\课程\2020 秋\计概\NoGo\final\计概大作业-nogo(2000012930)\NoGo\main.cpp(448,39): warning C4244: “=”: 从“double”转换到“int”，可能丢失数据
C:\Users\60995\Desktop\课程\2020 秋\计概\NoGo\final\计概大作业-nogo(2000012930)\NoGo\main.cpp(449,39): warning C4244: “=”: 从“double”转换到“int”，可能丢失数据
C:\Users\60995\Desktop\课程\2020 秋\计概\NoGo\final\计概大作业-nogo(2000012930)\NoGo\main.cpp(450,26): warning C4244: “=”: 从“double”转换到“int”，可能丢失数据
C:\Users\60995\Desktop\课程\2020 秋\计概\NoGo\final\计概大作业-nogo(2000012930)\NoGo\main.cpp(451,39): warning C4244: “=”: 从“double”转换到“int”，可能丢失数据
C:\Users\60995\Desktop\课程\2020 秋\计概\NoGo\final\计概大作业-nogo(2000012930)\NoGo\main.cpp(455,39): warning C4244: “=”: 从“double”转换到“int”，可能丢失数据
C:\Users\60995\Desktop\课程\2020 秋\计概\NoGo\final\计概大作业-nogo(2000012930)\NoGo\main.cpp(456,39): warning C4244: “=”: 从“double”转换到“int”，可能丢失数据
C:\Users\60995\Desktop\课程\2020 秋\计概\NoGo\final\计概大作业-nogo(2000012930)\NoGo\main.cpp(457,25): warning C4244: “=”: 从“double”转换到“int”，可能丢失数据
C:\Users\60995\Desktop\课程\2020 秋\计概\NoGo\final\计概大作业-nogo(2000012930)\NoGo\main.cpp(458,39): warning C4244: “=”: 从“double”转换到“int”，可能丢失数据
C:\Users\60995\Desktop\课程\2020 秋\计概\NoGo\final\计概大作业-nogo(2000012930)\NoGo\main.cpp(462,40): warning C4244: “=”: 从“double”转换到“int”，可能丢失数据
C:\Users\60995\Desktop\课程\2020 秋\计概\NoGo\final\计概大作业-nogo(2000012930)\NoGo\main.cpp(463,39): warning C4244: “=”: 从“double”转换到“int”，可能丢失数据
C:\Users\60995\Desktop\课程\2020 秋\计概\NoGo\final\计概大作业-nogo(2000012930)\NoGo\main.cpp(464,26): warning C4244: “=”: 从“double”转换到“int”，可能丢失数据
C:\Users\60995\Desktop\课程\2020 秋\计概\NoGo\final\计概大作业-nogo(2000012930)\NoGo\main.cpp(465,39): warning C4244: “=”: 从“double”转换到“int”，可能丢失数据
C:\Users\60995\Desktop\课程\2020 秋\计概\NoGo\final\计概大作业-nogo(2000012930)\NoGo\main.cpp(471,26): warning C4244: “=”: 从“double”转换到“int”，可能丢失数据
C:\Users\60995\Desktop\课程\2020 秋\计概\NoGo\final\计概大作业-nogo(2000012930)\NoGo\main.cpp(472,39): warning C4244: “=”: 从“double”转换到“int”，可能丢失数据
C:\Users\60995\Desktop\课程\2020 秋\计概\NoGo\final\计概大作业-nogo(2000012930)\NoGo\main.cpp(538,16): warning C4244: “初始化”: 从“double”转换到“int”，可能丢失数据
C:\Users\60995\Desktop\课程\2020 秋\计概\NoGo\final\计概大作业-nogo(2000012930)\NoGo\main.cpp(549,16): warning C4244: “初始化”: 从“double”转换到“int”，可能丢失数据
C:\Users\60995\Desktop\课程\2020 秋\计概\NoGo\final\计概大作业-nogo(2000012930)\NoGo\main.cpp(617,73): warning C4244: “参数”: 从“double”转换到“int”，可能丢失数据
C:\Users\60995\Desktop\课程\2020 秋\计概\NoGo\final\计概大作业-nogo(2000012930)\NoGo\main.cpp(617,54): warning C4244: “参数”: 从“double”转换到“int”，可能丢失数据
C:\Users\60995\Desktop\课程\2020 秋\计概\NoGo\final\计概大作业-nogo(2000012930)\NoGo\main.cpp(617,36): warning C4244: “参数”: 从“double”转换到“int”，可能丢失数据
C:\Users\60995\Desktop\课程\2020 秋\计概\NoGo\final\计概大作业-nogo(2000012930)\NoGo\main.cpp(617,17): warning C4244: “参数”: 从“double”转换到“int”，可能丢失数据
C:\Users\60995\Desktop\课程\2020 秋\计概\NoGo\final\计概大作业-nogo(2000012930)\NoGo\main.cpp(785,20): warning C4244: “=”: 从“double”转换到“int”，可能丢失数据
C:\Users\60995\Desktop\课程\2020 秋\计概\NoGo\final\计概大作业-nogo(2000012930)\NoGo\main.cpp(786,24): warning C4244: “=”: 从“double”转换到“int”，可能丢失数据
C:\Users\60995\Desktop\课程\2020 秋\计概\NoGo\final\计概大作业-nogo(2000012930)\NoGo\main.cpp(811,13): warning C4244: “初始化”: 从“double”转换到“int”，可能丢失数据
C:\Users\60995\Desktop\课程\2020 秋\计概\NoGo\final\计概大作业-nogo(2000012930)\NoGo\main.cpp(817,16): warning C4244: “初始化”: 从“double”转换到“int”，可能丢失数据
C:\Users\60995\Desktop\课程\2020 秋\计概\NoGo\final\计概大作业-nogo(2000012930)\NoGo\main.cpp(844,13): warning C4244: “初始化”: 从“double”转换到“int”，可能丢失数据
C:\Users\60995\Desktop\课程\2020 秋\计概\NoGo\final\计概大作业-nogo(2000012930)\NoGo\main.cpp(847,16): warning C4244: “初始化”: 从“double”转换到“int”，可能丢失数据
C:\Users\60995\Desktop\课程\2020 秋\计概\NoGo\final\计概大作业-nogo(2000012930)\NoGo\main.cpp(867,16): warning C4244: “初始化”: 从“double”转换到“int”，可能丢失数据
C:\Users\60995\Desktop\课程\2020 秋\计概\NoGo\final\计概大作业-nogo(2000012930)\NoGo\main.cpp(945,15): warning C4244: “初始化”: 从“double”转换到“int”，可能丢失数据
C:\Users\60995\Desktop\课程\2020 秋\计概\NoGo\final\计概大作业-nogo(2000012930)\NoGo\main.cpp(1079,75): warning C4244: “=”: 从“double”转换到“int”，可能丢失数据
C:\Users\60995\Desktop\课程\2020 秋\计概\NoGo\final\计概大作业-nogo(2000012930)\NoGo\main.cpp(1080,74): warning C4244: “=”: 从“double”转换到“int”，可能丢失数据
C:\Users\60995\Desktop\课程\2020 秋\计概\NoGo\final\计概大作业-nogo(2000012930)\NoGo\main.cpp(1172,17): warning C4244: “初始化”: 从“double”转换到“int”，可能丢失数据
C:\Users\60995\Desktop\课程\2020 秋\计概\NoGo\final\计概大作业-nogo(2000012930)\NoGo\main.cpp(1177,84): warning C4244: “=”: 从“double”转换到“int”，可能丢失数据
C:\Users\60995\Desktop\课程\2020 秋\计概\NoGo\final\计概大作业-nogo(2000012930)\NoGo\main.cpp(1178,34): warning C4244: “=”: 从“double”转换到“int”，可能丢失数据
C:\Users\60995\Desktop\课程\2020 秋\计概\NoGo\final\计概大作业-nogo(2000012930)\NoGo\main.cpp(1185,84): warning C4244: “=”: 从“double”转换到“int”，可能丢失数据
C:\Users\60995\Desktop\课程\2020 秋\计概\NoGo\final\计概大作业-nogo(2000012930)\NoGo\main.cpp(1186,34): warning C4244: “=”: 从“double”转换到“int”，可能丢失数据
C:\Users\60995\Desktop\课程\2020 秋\计概\NoGo\final\计概大作业-nogo(2000012930)\NoGo\main.cpp(1196,17): warning C4244: “初始化”: 从“double”转换到“int”，可能丢失数据
C:\Users\60995\Desktop\课程\2020 秋\计概\NoGo\final\计概大作业-nogo(2000012930)\NoGo\main.cpp(1201,84): warning C4244: “=”: 从“double”转换到“int”，可能丢失数据
C:\Users\60995\Desktop\课程\2020 秋\计概\NoGo\final\计概大作业-nogo(2000012930)\NoGo\main.cpp(1202,34): warning C4244: “=”: 从“double”转换到“int”，可能丢失数据
C:\Users\60995\Desktop\课程\2020 秋\计概\NoGo\final\计概大作业-nogo(2000012930)\NoGo\main.cpp(1209,84): warning C4244: “=”: 从“double”转换到“int”，可能丢失数据
C:\Users\60995\Desktop\课程\2020 秋\计概\NoGo\final\计概大作业-nogo(2000012930)\NoGo\main.cpp(1210,34): warning C4244: “=”: 从“double”转换到“int”，可能丢失数据
C:\Users\60995\Desktop\课程\2020 秋\计概\NoGo\final\计概大作业-nogo(2000012930)\NoGo\main.cpp(1221,16): warning C4244: “初始化”: 从“double”转换到“int”，可能丢失数据
C:\Users\60995\Desktop\课程\2020 秋\计概\NoGo\final\计概大作业-nogo(2000012930)\NoGo\main.cpp(1226,83): warning C4244: “=”: 从“double”转换到“int”，可能丢失数据
C:\Users\60995\Desktop\课程\2020 秋\计概\NoGo\final\计概大作业-nogo(2000012930)\NoGo\main.cpp(1227,33): warning C4244: “=”: 从“double”转换到“int”，可能丢失数据
C:\Users\60995\Desktop\课程\2020 秋\计概\NoGo\final\计概大作业-nogo(2000012930)\NoGo\main.cpp(1234,83): warning C4244: “=”: 从“double”转换到“int”，可能丢失数据
C:\Users\60995\Desktop\课程\2020 秋\计概\NoGo\final\计概大作业-nogo(2000012930)\NoGo\main.cpp(1235,33): warning C4244: “=”: 从“double”转换到“int”，可能丢失数据
C:\Users\60995\Desktop\课程\2020 秋\计概\NoGo\final\计概大作业-nogo(2000012930)\NoGo\main.cpp(1268,26): warning C4244: “=”: 从“double”转换到“int”，可能丢失数据
C:\Users\60995\Desktop\课程\2020 秋\计概\NoGo\final\计概大作业-nogo(2000012930)\NoGo\main.cpp(1269,31): warning C4244: “=”: 从“double”转换到“int”，可能丢失数据
C:\Users\60995\Desktop\课程\2020 秋\计概\NoGo\final\计概大作业-nogo(2000012930)\NoGo\main.cpp(1272,39): warning C4244: “=”: 从“double”转换到“int”，可能丢失数据
C:\Users\60995\Desktop\课程\2020 秋\计概\NoGo\final\计概大作业-nogo(2000012930)\NoGo\main.cpp(1277,13): warning C4244: “初始化”: 从“double”转换到“int”，可能丢失数据
C:\Users\60995\Desktop\课程\2020 秋\计概\NoGo\final\计概大作业-nogo(2000012930)\NoGo\main.cpp(1283,16): warning C4244: “初始化”: 从“double”转换到“int”，可能丢失数据
C:\Users\60995\Desktop\课程\2020 秋\计概\NoGo\final\计概大作业-nogo(2000012930)\NoGo\main.cpp(1325,107): warning C4244: “参数”: 从“double”转换到“int”，可能丢失数据
C:\Users\60995\Desktop\课程\2020 秋\计概\NoGo\final\计概大作业-nogo(2000012930)\NoGo\main.cpp(1325,43): warning C4244: “参数”: 从“double”转换到“int”，可能丢失数据
C:\Users\60995\Desktop\课程\2020 秋\计概\NoGo\final\计概大作业-nogo(2000012930)\NoGo\main.cpp(1428,21): warning C4805: “==”: 在操作中将类型“int”与类型“bool”混合不安全
C:\Users\60995\Desktop\课程\2020 秋\计概\NoGo\final\计概大作业-nogo(2000012930)\NoGo\main.cpp(1438,30): warning C4805: “==”: 在操作中将类型“int”与类型“bool”混合不安全
C:\Users\60995\Desktop\课程\2020 秋\计概\NoGo\final\计概大作业-nogo(2000012930)\NoGo\main.cpp(1469,25): warning C4805: “==”: 在操作中将类型“int”与类型“bool”混合不安全
C:\Users\60995\Desktop\课程\2020 秋\计概\NoGo\final\计概大作业-nogo(2000012930)\NoGo\main.cpp(1724,6): warning C4101: “tmp”: 未引用的局部变量
  正在生成代码
  2 of 206 functions ( 1.0%) were compiled, the rest were copied from previous compilation.
    0 functions were new in current compilation
    2 functions had inline decision re-evaluated but remain unchanged
  已完成代码的生成
  NoGo.vcxproj -> C:\Users\60995\Desktop\课程\2020 秋\计概\NoGo\final\计概大作业-nogo(2000012930)\NoGo\x64\Release\NoGo.exe
